0 info it worked if it ends with ok
1 verbose cli [ 'C:\\Software\\nodejs\\node.exe',
1 verbose cli   'C:\\Software\\nodejs\\node_modules\\npm\\bin\\npm-cli.js',
1 verbose cli   'publish' ]
2 info using npm@2.15.1
3 info using node@v4.4.4
4 verbose publish [ '.' ]
5 silly cache add args [ '.', null ]
6 verbose cache add spec .
7 silly cache add parsed spec Result {
7 silly cache add   raw: '.',
7 silly cache add   scope: null,
7 silly cache add   name: null,
7 silly cache add   rawSpec: '.',
7 silly cache add   spec: 'Z:\\Servdebt\\www\\node_modules\\gulp-bower-fix-css-path',
7 silly cache add   type: 'directory' }
8 verbose addLocalDirectory C:\Users\Bruno Restolho\AppData\Roaming\npm-cache\gulp-bower-fix-css-path\0.0.1\package.tgz not in flight; packing
9 verbose correctMkdir C:\Users\Bruno Restolho\AppData\Roaming\npm-cache correctMkdir not in flight; initializing
10 verbose tar pack [ 'C:\\Users\\Bruno Restolho\\AppData\\Roaming\\npm-cache\\gulp-bower-fix-css-path\\0.0.1\\package.tgz',
10 verbose tar pack   'Z:\\Servdebt\\www\\node_modules\\gulp-bower-fix-css-path' ]
11 verbose tarball C:\Users\Bruno Restolho\AppData\Roaming\npm-cache\gulp-bower-fix-css-path\0.0.1\package.tgz
12 verbose folder Z:\Servdebt\www\node_modules\gulp-bower-fix-css-path
13 info prepublish gulp-bower-fix-css-path@0.0.1
14 verbose addLocalTarball adding from inside cache C:\Users\Bruno Restolho\AppData\Roaming\npm-cache\gulp-bower-fix-css-path\0.0.1\package.tgz
15 verbose correctMkdir C:\Users\Bruno Restolho\AppData\Roaming\npm-cache correctMkdir not in flight; initializing
16 silly cache afterAdd gulp-bower-fix-css-path@0.0.1
17 verbose afterAdd C:\Users\Bruno Restolho\AppData\Roaming\npm-cache\gulp-bower-fix-css-path\0.0.1\package\package.json not in flight; writing
18 verbose correctMkdir C:\Users\Bruno Restolho\AppData\Roaming\npm-cache correctMkdir not in flight; initializing
19 verbose afterAdd C:\Users\Bruno Restolho\AppData\Roaming\npm-cache\gulp-bower-fix-css-path\0.0.1\package\package.json written
20 silly publish { name: 'gulp-bower-fix-css-path',
20 silly publish   version: '0.0.1',
20 silly publish   description: 'Replace url',
20 silly publish   keywords: [],
20 silly publish   main: './index.js',
20 silly publish   files: [ 'index.js' ],
20 silly publish   devDependencies:
20 silly publish    { gulp: '>=3.0.0',
20 silly publish      'gulp-sourcemaps': '^1.5.0',
20 silly publish      'gulp-util': '^3.0.4',
20 silly publish      jshint: '^2.6.3',
20 silly publish      'map-stream': '>=0.0.4',
20 silly publish      should: '>=2.1.0' },
20 silly publish   engines: { node: '>=0.10.0', npm: '>=1.2.10' },
20 silly publish   licenses: [ { type: 'MIT' } ],
20 silly publish   dependencies: { lodash: '^2.4.2' },
20 silly publish   scripts: { test: 'echo "Error: no test specified" && exit 1' },
20 silly publish   author: { name: 'Bruno Restolho' },
20 silly publish   license: 'ISC',
20 silly publish   gitHead: '30bbecfeec5a31df598438374a2dfb0d16f62050',
20 silly publish   readme: 'ERROR: No README data found!',
20 silly publish   _id: 'gulp-bower-fix-css-path@0.0.1',
20 silly publish   _shasum: 'dd15657d9b57510c205bfcb408ec63efff29b802',
20 silly publish   _from: '.' }
21 verbose getPublishConfig undefined
22 silly mapToRegistry name gulp-bower-fix-css-path
23 silly mapToRegistry using default registry
24 silly mapToRegistry registry https://registry.npmjs.org/
25 silly mapToRegistry data Result {
25 silly mapToRegistry   raw: 'gulp-bower-fix-css-path',
25 silly mapToRegistry   scope: null,
25 silly mapToRegistry   name: 'gulp-bower-fix-css-path',
25 silly mapToRegistry   rawSpec: '',
25 silly mapToRegistry   spec: 'latest',
25 silly mapToRegistry   type: 'tag' }
26 silly mapToRegistry uri https://registry.npmjs.org/gulp-bower-fix-css-path
27 verbose publish registryBase https://registry.npmjs.org/
28 silly publish uploading C:\Users\Bruno Restolho\AppData\Roaming\npm-cache\gulp-bower-fix-css-path\0.0.1\package.tgz
29 verbose request uri https://registry.npmjs.org/gulp-bower-fix-css-path
30 verbose request sending authorization for write operation
31 info attempt registry request try #1 at 11:54:11
32 verbose request using bearer token for auth
33 verbose request id 96ed686e908a351e
34 http request PUT https://registry.npmjs.org/gulp-bower-fix-css-path
35 http 403 https://registry.npmjs.org/gulp-bower-fix-css-path
36 verbose headers { 'content-type': 'application/json',
36 verbose headers   'cache-control': 'max-age=300',
36 verbose headers   'content-length': '95',
36 verbose headers   'accept-ranges': 'bytes',
36 verbose headers   date: 'Fri, 01 Jul 2016 10:54:13 GMT',
36 verbose headers   via: '1.1 varnish',
36 verbose headers   connection: 'keep-alive',
36 verbose headers   'x-served-by': 'cache-lhr6320-LHR',
36 verbose headers   'x-cache': 'MISS',
36 verbose headers   'x-cache-hits': '0',
36 verbose headers   'x-timer': 'S1467370451.906215,VS0,VE1299',
36 verbose headers   vary: 'Accept-Encoding' }
37 verbose request invalidating C:\Users\Bruno Restolho\AppData\Roaming\npm-cache\registry.npmjs.org\gulp-bower-fix-css-path on PUT
38 error publish Failed PUT 403
39 verbose stack Error: "You cannot publish over the previously published version 0.0.1." : gulp-bower-fix-css-path
39 verbose stack     at makeError (C:\Software\nodejs\node_modules\npm\node_modules\npm-registry-client\lib\request.js:264:12)
39 verbose stack     at CachingRegistryClient.<anonymous> (C:\Software\nodejs\node_modules\npm\node_modules\npm-registry-client\lib\request.js:252:14)
39 verbose stack     at Request._callback (C:\Software\nodejs\node_modules\npm\node_modules\npm-registry-client\lib\request.js:172:14)
39 verbose stack     at Request.self.callback (C:\Software\nodejs\node_modules\npm\node_modules\request\request.js:199:22)
39 verbose stack     at emitTwo (events.js:87:13)
39 verbose stack     at Request.emit (events.js:172:7)
39 verbose stack     at Request.<anonymous> (C:\Software\nodejs\node_modules\npm\node_modules\request\request.js:1036:10)
39 verbose stack     at emitOne (events.js:82:20)
39 verbose stack     at Request.emit (events.js:169:7)
39 verbose stack     at IncomingMessage.<anonymous> (C:\Software\nodejs\node_modules\npm\node_modules\request\request.js:963:12)
40 verbose statusCode 403
41 verbose pkgid gulp-bower-fix-css-path
42 verbose cwd Z:\Servdebt\www\node_modules\gulp-bower-fix-css-path
43 error Windows_NT 6.1.7601
44 error argv "C:\\Software\\nodejs\\node.exe" "C:\\Software\\nodejs\\node_modules\\npm\\bin\\npm-cli.js" "publish"
45 error node v4.4.4
46 error npm  v2.15.1
47 error code E403
48 error "You cannot publish over the previously published version 0.0.1." : gulp-bower-fix-css-path
49 error If you need help, you may report this error at:
49 error     <https://github.com/npm/npm/issues>
50 verbose exit [ 1, true ]
